[2026-02-12 13:07:26] [INF] 메시지 모니터 서비스가 시작되었습니다.
[2026-02-12 13:07:27] [INF] 데이터베이스 초기화 완료
[2026-02-12 13:07:37] [INF] 메시지 모니터링 시작 - 대상 채팅방: 송의현
[2026-02-12 13:07:38] [INF] 발견된 채팅방 수: 2
[2026-02-12 13:07:40] [INF] 발견된 채팅방 수: 2
[2026-02-12 13:07:40] [INF] 발견된 채팅방 수: 2
[2026-02-12 13:07:42] [INF] 발견된 채팅방 수: 2
[2026-02-12 13:07:44] [INF] 발견된 채팅방 수: 2
[2026-02-12 13:07:46] [INF] 발견된 채팅방 수: 2
[2026-02-12 13:07:48] [INF] 발견된 채팅방 수: 2
[2026-02-12 13:07:48] [INF] 채팅방 '송의현' 발견 - 핸들: "985716"
[2026-02-12 13:07:48] [INF] 발견된 채팅방 수: 2
[2026-02-12 13:07:49] [INF] 메시지 전송 성공: '테스트'
[2026-02-12 13:07:49] [INF] 메시지 전송 및 DB 기록 완료 - 채팅방: 송의현
[2026-02-12 13:07:50] [INF] 발견된 채팅방 수: 2
[2026-02-12 13:07:53] [INF] 발견된 채팅방 수: 2
[2026-02-12 13:07:55] [INF] 발견된 채팅방 수: 2
[2026-02-12 13:07:57] [INF] 발견된 채팅방 수: 2
[2026-02-12 13:07:59] [INF] 발견된 채팅방 수: 2
[2026-02-12 13:08:00] [INF] 발견된 채팅방 수: 2
[2026-02-12 13:08:01] [INF] 발견된 채팅방 수: 2
[2026-02-12 13:08:03] [INF] 발견된 채팅방 수: 2
[2026-02-12 13:08:05] [INF] 발견된 채팅방 수: 2
[2026-02-12 13:08:07] [INF] 발견된 채팅방 수: 2
[2026-02-12 13:08:09] [INF] 발견된 채팅방 수: 2
[2026-02-12 13:08:10] [INF] 발견된 채팅방 수: 2
[2026-02-12 13:08:11] [INF] 발견된 채팅방 수: 2
[2026-02-12 13:08:13] [INF] 발견된 채팅방 수: 2
[2026-02-12 13:08:15] [INF] 발견된 채팅방 수: 2
[2026-02-12 13:08:17] [INF] 발견된 채팅방 수: 2
[2026-02-12 13:08:17] [INF] 채팅방 '송의현' 발견 - 핸들: "985716"
[2026-02-12 13:08:17] [INF] 발견된 채팅방 수: 2
[2026-02-12 13:08:17] [INF] 메시지 전송 성공: '테스트'
[2026-02-12 13:08:17] [INF] 메시지 전송 및 DB 기록 완료 - 채팅방: 송의현
[2026-02-12 13:08:19] [INF] 발견된 채팅방 수: 2
[2026-02-12 13:08:21] [INF] 발견된 채팅방 수: 2
[2026-02-12 13:08:23] [INF] 발견된 채팅방 수: 2
[2026-02-12 13:08:25] [INF] 발견된 채팅방 수: 2
[2026-02-12 13:08:27] [INF] 발견된 채팅방 수: 2
[2026-02-12 13:08:29] [INF] 발견된 채팅방 수: 2
[2026-02-12 13:08:31] [INF] 발견된 채팅방 수: 2
[2026-02-12 13:08:33] [INF] 발견된 채팅방 수: 2
[2026-02-12 13:08:35] [INF] 발견된 채팅방 수: 2
[2026-02-12 13:08:37] [INF] 발견된 채팅방 수: 2
[2026-02-12 13:08:39] [INF] 발견된 채팅방 수: 2
[2026-02-12 13:08:41] [INF] 발견된 채팅방 수: 2
[2026-02-12 13:08:43] [INF] 발견된 채팅방 수: 2
[2026-02-12 13:08:46] [INF] 발견된 채팅방 수: 2
[2026-02-12 13:08:48] [INF] 발견된 채팅방 수: 2
[2026-02-12 13:08:50] [INF] 발견된 채팅방 수: 2
[2026-02-12 13:08:52] [INF] 발견된 채팅방 수: 2
[2026-02-12 13:08:54] [INF] 발견된 채팅방 수: 2
[2026-02-12 13:08:56] [INF] 발견된 채팅방 수: 2
[2026-02-12 13:08:58] [INF] 발견된 채팅방 수: 2
[2026-02-12 13:09:00] [INF] 발견된 채팅방 수: 2
[2026-02-12 13:09:02] [INF] 발견된 채팅방 수: 2
[2026-02-12 13:09:04] [INF] 발견된 채팅방 수: 2
[2026-02-12 13:09:06] [INF] 발견된 채팅방 수: 2
[2026-02-12 13:09:08] [INF] 발견된 채팅방 수: 2
[2026-02-12 13:09:10] [INF] 발견된 채팅방 수: 2
[2026-02-12 13:09:12] [INF] 발견된 채팅방 수: 2
[2026-02-12 13:09:14] [INF] 발견된 채팅방 수: 2
[2026-02-12 13:09:16] [INF] 발견된 채팅방 수: 2
[2026-02-12 13:09:18] [INF] 발견된 채팅방 수: 2
[2026-02-12 13:09:19] [INF] 메시지 모니터 서비스가 종료되었습니다.
[2026-02-12 13:12:21] [INF] 메시지 모니터 서비스가 시작되었습니다.
[2026-02-12 13:12:22] [INF] 데이터베이스 초기화 완료
[2026-02-12 13:12:24] [INF] 발견된 채팅방 수: 2
[2026-02-12 13:12:29] [INF] 발견된 채팅방 수: 2
[2026-02-12 13:12:29] [INF] 채팅방 '송의현' 발견 - 핸들: "985716"
[2026-02-12 13:12:31] [INF] 메시지 전송 성공: '테스트'
[2026-02-12 13:12:31] [INF] 메시지 전송 및 DB 기록 완료 - 채팅방: 송의현
[2026-02-12 13:12:48] [INF] 메시지 모니터링 시작 - 대상 채팅방: 송의현
[2026-02-12 13:12:49] [INF] 발견된 채팅방 수: 2
[2026-02-12 13:12:51] [INF] 발견된 채팅방 수: 2
[2026-02-12 13:12:53] [INF] 발견된 채팅방 수: 2
[2026-02-12 13:12:55] [INF] 발견된 채팅방 수: 2
[2026-02-12 13:12:58] [INF] 발견된 채팅방 수: 2
[2026-02-12 13:13:00] [INF] 발견된 채팅방 수: 2
[2026-02-12 13:13:02] [INF] 발견된 채팅방 수: 2
[2026-02-12 13:13:04] [INF] 발견된 채팅방 수: 2
[2026-02-12 13:13:06] [INF] 발견된 채팅방 수: 2
[2026-02-12 13:13:08] [INF] 발견된 채팅방 수: 2
[2026-02-12 13:13:10] [INF] 발견된 채팅방 수: 2
[2026-02-12 13:13:12] [INF] 발견된 채팅방 수: 2
[2026-02-12 13:13:14] [INF] 발견된 채팅방 수: 2
[2026-02-12 13:13:16] [INF] 발견된 채팅방 수: 2
[2026-02-12 13:13:18] [INF] 발견된 채팅방 수: 2
[2026-02-12 13:13:20] [INF] 발견된 채팅방 수: 2
[2026-02-12 13:13:22] [INF] 발견된 채팅방 수: 2
[2026-02-12 13:13:24] [INF] 발견된 채팅방 수: 2
[2026-02-12 13:13:26] [INF] 발견된 채팅방 수: 2
[2026-02-12 13:13:28] [INF] 발견된 채팅방 수: 2
[2026-02-12 13:13:30] [INF] 발견된 채팅방 수: 2
[2026-02-12 13:13:32] [INF] 발견된 채팅방 수: 2
[2026-02-12 13:13:34] [INF] 발견된 채팅방 수: 2
[2026-02-12 13:13:36] [INF] 발견된 채팅방 수: 2
[2026-02-12 13:13:38] [INF] 발견된 채팅방 수: 2
[2026-02-12 13:13:40] [INF] 발견된 채팅방 수: 2
[2026-02-12 13:13:42] [INF] 발견된 채팅방 수: 2
[2026-02-12 13:13:44] [INF] 발견된 채팅방 수: 2
[2026-02-12 13:13:44] [INF] 메시지 모니터링 중지
[2026-02-12 13:13:49] [INF] 메시지 모니터링 시작 - 대상 채팅방: 송의현
[2026-02-12 13:13:50] [INF] 발견된 채팅방 수: 2
[2026-02-12 13:13:52] [INF] 발견된 채팅방 수: 2
[2026-02-12 13:13:54] [INF] 발견된 채팅방 수: 2
[2026-02-12 13:13:57] [INF] 발견된 채팅방 수: 2
[2026-02-12 13:13:59] [INF] 발견된 채팅방 수: 2
[2026-02-12 13:14:01] [INF] 발견된 채팅방 수: 2
[2026-02-12 13:14:03] [INF] 발견된 채팅방 수: 2
[2026-02-12 13:14:05] [INF] 발견된 채팅방 수: 2
[2026-02-12 13:14:07] [INF] 발견된 채팅방 수: 2
[2026-02-12 13:14:09] [INF] 발견된 채팅방 수: 2
[2026-02-12 13:14:11] [INF] 발견된 채팅방 수: 2
[2026-02-12 13:14:13] [INF] 발견된 채팅방 수: 2
[2026-02-12 13:14:15] [INF] 발견된 채팅방 수: 2
[2026-02-12 13:14:17] [INF] 발견된 채팅방 수: 2
[2026-02-12 13:14:19] [INF] 발견된 채팅방 수: 2
[2026-02-12 13:14:21] [INF] 발견된 채팅방 수: 2
[2026-02-12 13:14:23] [INF] 발견된 채팅방 수: 2
[2026-02-12 13:14:25] [INF] 발견된 채팅방 수: 2
[2026-02-12 13:14:27] [INF] 발견된 채팅방 수: 2
[2026-02-12 13:14:29] [INF] 발견된 채팅방 수: 2
[2026-02-12 13:14:31] [INF] 발견된 채팅방 수: 2
[2026-02-12 13:14:33] [INF] 발견된 채팅방 수: 2
[2026-02-12 13:14:35] [INF] 발견된 채팅방 수: 2
[2026-02-12 13:14:37] [INF] 발견된 채팅방 수: 2
[2026-02-12 13:14:39] [INF] 발견된 채팅방 수: 2
[2026-02-12 13:14:41] [INF] 발견된 채팅방 수: 2
[2026-02-12 13:14:43] [INF] 발견된 채팅방 수: 2
[2026-02-12 13:14:45] [INF] 발견된 채팅방 수: 2
[2026-02-12 13:14:47] [INF] 발견된 채팅방 수: 2
[2026-02-12 13:14:49] [INF] 발견된 채팅방 수: 2
[2026-02-12 13:14:51] [INF] 발견된 채팅방 수: 2
[2026-02-12 13:14:54] [INF] 발견된 채팅방 수: 2
[2026-02-12 13:14:56] [INF] 발견된 채팅방 수: 2
[2026-02-12 13:14:58] [INF] 발견된 채팅방 수: 2
[2026-02-12 13:15:00] [INF] 발견된 채팅방 수: 2
[2026-02-12 13:15:02] [INF] 발견된 채팅방 수: 2
[2026-02-12 13:15:04] [INF] 발견된 채팅방 수: 2
[2026-02-12 13:15:06] [INF] 발견된 채팅방 수: 2
[2026-02-12 13:15:08] [INF] 발견된 채팅방 수: 2
[2026-02-12 13:15:10] [INF] 발견된 채팅방 수: 2
[2026-02-12 13:15:12] [INF] 발견된 채팅방 수: 2
[2026-02-12 13:15:14] [INF] 발견된 채팅방 수: 2
[2026-02-12 13:15:16] [INF] 발견된 채팅방 수: 2
[2026-02-12 13:15:18] [INF] 발견된 채팅방 수: 2
[2026-02-12 13:15:20] [INF] 발견된 채팅방 수: 2
[2026-02-12 13:15:22] [INF] 발견된 채팅방 수: 2
[2026-02-12 13:15:24] [INF] 발견된 채팅방 수: 2
[2026-02-12 13:15:26] [INF] 발견된 채팅방 수: 2
[2026-02-12 13:15:28] [INF] 발견된 채팅방 수: 2
[2026-02-12 13:15:30] [INF] 발견된 채팅방 수: 2
[2026-02-12 13:15:32] [INF] 발견된 채팅방 수: 2
[2026-02-12 13:15:34] [INF] 발견된 채팅방 수: 2
[2026-02-12 13:15:36] [INF] 발견된 채팅방 수: 2
[2026-02-12 13:15:38] [INF] 발견된 채팅방 수: 2
[2026-02-12 13:15:40] [INF] 발견된 채팅방 수: 2
[2026-02-12 13:15:42] [INF] 발견된 채팅방 수: 2
[2026-02-12 13:15:44] [INF] 발견된 채팅방 수: 2
[2026-02-12 13:15:46] [INF] 발견된 채팅방 수: 2
[2026-02-12 13:15:48] [INF] 발견된 채팅방 수: 2
[2026-02-12 13:15:51] [INF] 발견된 채팅방 수: 2
[2026-02-12 13:15:53] [INF] 발견된 채팅방 수: 2
[2026-02-12 13:15:55] [INF] 발견된 채팅방 수: 2
[2026-02-12 13:15:57] [INF] 발견된 채팅방 수: 2
[2026-02-12 13:15:59] [INF] 발견된 채팅방 수: 2
[2026-02-12 13:16:01] [INF] 발견된 채팅방 수: 2
[2026-02-12 13:16:03] [INF] 발견된 채팅방 수: 2
[2026-02-12 13:16:05] [INF] 발견된 채팅방 수: 2
[2026-02-12 13:16:07] [INF] 발견된 채팅방 수: 2
[2026-02-12 13:16:09] [INF] 발견된 채팅방 수: 2
[2026-02-12 13:16:11] [INF] 발견된 채팅방 수: 2
[2026-02-12 13:16:13] [INF] 발견된 채팅방 수: 2
[2026-02-12 13:16:15] [INF] 발견된 채팅방 수: 2
[2026-02-12 13:16:17] [INF] 발견된 채팅방 수: 2
[2026-02-12 13:16:19] [INF] 발견된 채팅방 수: 2
[2026-02-12 13:16:21] [INF] 발견된 채팅방 수: 2
[2026-02-12 13:16:23] [INF] 발견된 채팅방 수: 2
[2026-02-12 13:16:25] [INF] 발견된 채팅방 수: 2
[2026-02-12 13:16:27] [INF] 발견된 채팅방 수: 2
[2026-02-12 13:16:29] [INF] 발견된 채팅방 수: 2
[2026-02-12 13:16:31] [INF] 발견된 채팅방 수: 2
[2026-02-12 13:16:33] [INF] 발견된 채팅방 수: 2
[2026-02-12 13:16:35] [INF] 발견된 채팅방 수: 2
[2026-02-12 13:16:37] [INF] 발견된 채팅방 수: 2
[2026-02-12 13:16:39] [INF] 발견된 채팅방 수: 2
[2026-02-12 13:16:41] [INF] 발견된 채팅방 수: 2
[2026-02-12 13:16:43] [INF] 발견된 채팅방 수: 2
[2026-02-12 13:16:45] [INF] 발견된 채팅방 수: 2
[2026-02-12 13:16:47] [INF] 발견된 채팅방 수: 2
[2026-02-12 13:16:50] [INF] 발견된 채팅방 수: 2
[2026-02-12 13:16:52] [INF] 발견된 채팅방 수: 2
[2026-02-12 13:16:54] [INF] 발견된 채팅방 수: 2
[2026-02-12 13:16:56] [INF] 발견된 채팅방 수: 2
[2026-02-12 13:16:58] [INF] 발견된 채팅방 수: 2
[2026-02-12 13:17:00] [INF] 발견된 채팅방 수: 2
[2026-02-12 13:17:02] [INF] 발견된 채팅방 수: 2
[2026-02-12 13:17:04] [INF] 발견된 채팅방 수: 2
[2026-02-12 13:17:06] [INF] 발견된 채팅방 수: 2
[2026-02-12 13:17:08] [INF] 발견된 채팅방 수: 2
[2026-02-12 13:17:10] [INF] 발견된 채팅방 수: 2
[2026-02-12 13:17:12] [INF] 발견된 채팅방 수: 2
[2026-02-12 13:17:14] [INF] 발견된 채팅방 수: 2
[2026-02-12 13:17:16] [INF] 발견된 채팅방 수: 2
[2026-02-12 13:17:18] [INF] 발견된 채팅방 수: 2
[2026-02-12 13:17:20] [INF] 발견된 채팅방 수: 2
[2026-02-12 13:17:22] [INF] 발견된 채팅방 수: 2
[2026-02-12 13:17:24] [INF] 발견된 채팅방 수: 2
[2026-02-12 13:17:26] [INF] 발견된 채팅방 수: 2
[2026-02-12 13:17:28] [INF] 발견된 채팅방 수: 2
[2026-02-12 13:17:30] [INF] 발견된 채팅방 수: 2
[2026-02-12 13:17:32] [INF] 발견된 채팅방 수: 2
[2026-02-12 13:17:34] [INF] 발견된 채팅방 수: 2
[2026-02-12 13:17:36] [INF] 발견된 채팅방 수: 2
[2026-02-12 13:17:38] [INF] 발견된 채팅방 수: 2
[2026-02-12 13:17:40] [INF] 발견된 채팅방 수: 2
[2026-02-12 13:17:42] [INF] 발견된 채팅방 수: 2
[2026-02-12 13:17:44] [INF] 발견된 채팅방 수: 2
[2026-02-12 13:17:46] [INF] 발견된 채팅방 수: 2
[2026-02-12 13:17:48] [INF] 발견된 채팅방 수: 2
[2026-02-12 13:17:51] [INF] 발견된 채팅방 수: 2
[2026-02-12 13:17:53] [INF] 발견된 채팅방 수: 2
[2026-02-12 13:17:55] [INF] 발견된 채팅방 수: 2
[2026-02-12 13:17:57] [INF] 발견된 채팅방 수: 2
[2026-02-12 13:17:59] [INF] 발견된 채팅방 수: 2
[2026-02-12 13:18:01] [INF] 발견된 채팅방 수: 2
[2026-02-12 13:18:03] [INF] 발견된 채팅방 수: 2
[2026-02-12 13:18:05] [INF] 발견된 채팅방 수: 2
[2026-02-12 13:18:07] [INF] 발견된 채팅방 수: 2
[2026-02-12 13:18:09] [INF] 발견된 채팅방 수: 4
[2026-02-12 13:18:11] [INF] 발견된 채팅방 수: 3
[2026-02-12 13:18:13] [INF] 발견된 채팅방 수: 4
[2026-02-12 13:18:15] [INF] 발견된 채팅방 수: 4
[2026-02-12 13:18:17] [INF] 발견된 채팅방 수: 4
[2026-02-12 13:18:19] [INF] 발견된 채팅방 수: 4
[2026-02-12 13:18:21] [INF] 발견된 채팅방 수: 4
[2026-02-12 13:18:23] [INF] 발견된 채팅방 수: 2
[2026-02-12 13:18:25] [INF] 발견된 채팅방 수: 2
[2026-02-12 13:18:25] [INF] 메시지 모니터 서비스가 종료되었습니다.
[2026-02-12 13:39:59] [INF] 메시지 모니터 서비스가 시작되었습니다.
[2026-02-12 13:40:00] [INF] 데이터베이스 초기화 완료
[2026-02-12 13:40:03] [INF] 발견된 채팅방 수: 2
[2026-02-12 13:40:07] [WRN] 모든 메시지 읽기 전략이 실패했습니다. 메뉴 6(UI 구조 진단)을 실행해주세요.
[2026-02-12 13:51:53] [INF] 메시지 모니터 서비스가 시작되었습니다.
[2026-02-12 13:51:54] [INF] 데이터베이스 초기화 완료
[2026-02-12 13:51:56] [INF] 발견된 채팅방 수: 2
[2026-02-12 13:52:01] [WRN] 클립보드에서 메시지를 가져오지 못했습니다.
[2026-02-12 13:52:16] [INF] 발견된 채팅방 수: 2
[2026-02-12 13:52:20] [WRN] 클립보드에서 메시지를 가져오지 못했습니다.
[2026-02-12 13:52:33] [INF] 발견된 채팅방 수: 2
[2026-02-12 13:52:41] [INF] 발견된 채팅방 수: 2
[2026-02-12 13:52:41] [INF] 채팅방 '송의현' 발견 - 핸들: "2755386"
[2026-02-12 13:52:43] [INF] 메시지 전송 성공: '안녕하세요 프로그램 테스트'
[2026-02-12 13:52:43] [INF] 메시지 전송 및 DB 기록 완료 - 채팅방: 송의현
[2026-02-12 13:58:21] [INF] 메시지 모니터 서비스가 시작되었습니다.
[2026-02-12 13:58:22] [INF] 데이터베이스 초기화 완료
[2026-02-12 13:58:24] [INF] 발견된 채팅방 수: 2
[2026-02-12 13:59:10] [INF] 발견된 채팅방 수: 2
[2026-02-12 13:59:25] [INF] 발견된 채팅방 수: 2
[2026-02-12 13:59:25] [INF] 채팅방 '송의현' 발견 - 핸들: "2755386"
[2026-02-12 13:59:27] [INF] 메시지 전송 성공: '카카오톡 송수신 어플리케이션 테스트'
[2026-02-12 13:59:27] [INF] 메시지 전송 및 DB 기록 완료 - 채팅방: 송의현
[2026-02-12 13:59:35] [INF] 메시지 모니터링 시작 - 대상 채팅방: 송의현
[2026-02-12 13:59:36] [INF] 발견된 채팅방 수: 2
[2026-02-12 13:59:38] [WRN] 클립보드에서 메시지를 가져오지 못했습니다.
[2026-02-12 13:59:38] [INF] 채팅방 메시지 초기화: 0개 (이미 읽음 처리)
[2026-02-12 13:59:38] [INF] 기존 메시지 초기화 완료, 이후부터 새 메시지를 감지합니다.
[2026-02-12 13:59:40] [INF] 발견된 채팅방 수: 2
[2026-02-12 13:59:43] [WRN] 클립보드에서 메시지를 가져오지 못했습니다.
[2026-02-12 13:59:45] [INF] 발견된 채팅방 수: 2
[2026-02-12 13:59:48] [WRN] 클립보드에서 메시지를 가져오지 못했습니다.
[2026-02-12 13:59:50] [INF] 발견된 채팅방 수: 2
[2026-02-12 13:59:52] [WRN] 클립보드에서 메시지를 가져오지 못했습니다.
[2026-02-12 13:59:54] [INF] 발견된 채팅방 수: 2
[2026-02-12 13:59:57] [WRN] 클립보드에서 메시지를 가져오지 못했습니다.
[2026-02-12 13:59:59] [INF] 발견된 채팅방 수: 2
[2026-02-12 14:00:02] [INF] 새 메시지 13개 감지됨
[2026-02-12 14:00:02] [INF] 새 메시지 수신 - 채팅방: 송의현, 보낸사람: 송의현, 내용: 좋아요 누르면 프론트에서 백엔드까지 먼일일어날거 같음?
[2026-02-12 14:00:02] [INF] 새 메시지 수신 - 채팅방: 송의현, 보낸사람: 송의현, 내용: 다른 언어 사용할 수 도 있는데 문제없죠?
[2026-02-12 14:00:02] [INF] 새 메시지 수신 - 채팅방: 송의현, 보낸사람: 송의현, 내용: 경험잇어요? 다른언어로 빠르게 전환해본?
[2026-02-12 14:00:02] [INF] 새 메시지 수신 - 채팅방: 송의현, 보낸사람: 송의현, 내용: 학습어떻게 하실거에요?
[2026-02-12 14:00:02] [INF] 새 메시지 수신 - 채팅방: 송의현, 보낸사람: 송의현, 내용: https://youtube.com/shorts/M76...
[2026-02-12 14:00:02] [INF] 새 메시지 수신 - 채팅방: 송의현, 보낸사람: 송의현, 내용: https://youtube.com/shorts/e0Z...
[2026-02-12 14:00:02] [INF] 새 메시지 수신 - 채팅방: 송의현, 보낸사람: 송의현, 내용: 상황 이해부터 정리하겠습니다.
👉 주력은 Java, ...
[2026-02-12 14:00:02] [INF] 새 메시지 수신 - 채팅방: 송의현, 보낸사람: 송의현, 내용: 매물번호 53174487
[2026-02-12 14:00:02] [INF] 새 메시지 수신 - 채팅방: 송의현, 보낸사람: 송의현, 내용: 테스트
[2026-02-12 14:00:02] [INF] 새 메시지 수신 - 채팅방: 송의현, 보낸사람: 송의현, 내용: 수신모니터링 테스트
[2026-02-12 14:00:02] [INF] 새 메시지 수신 - 채팅방: 송의현, 보낸사람: 송의현, 내용: 안녕하세요 프로그램 테스트
[2026-02-12 14:00:02] [INF] 새 메시지 수신 - 채팅방: 송의현, 보낸사람: 송의현, 내용: 카카오톡 송수신 어플리케이션 테스트
[2026-02-12 14:00:02] [INF] 새 메시지 수신 - 채팅방: 송의현, 보낸사람: 송의현, 내용: 수신테스트
[2026-02-12 14:00:04] [INF] 발견된 채팅방 수: 2
[2026-02-12 14:00:07] [WRN] 클립보드에서 메시지를 가져오지 못했습니다.
[2026-02-12 14:00:09] [INF] 발견된 채팅방 수: 2
[2026-02-12 14:00:11] [WRN] 클립보드에서 메시지를 가져오지 못했습니다.
[2026-02-12 14:00:13] [INF] 발견된 채팅방 수: 2
[2026-02-12 14:00:16] [WRN] 클립보드에서 메시지를 가져오지 못했습니다.
[2026-02-12 14:00:18] [INF] 발견된 채팅방 수: 2
[2026-02-12 14:00:21] [WRN] 클립보드에서 메시지를 가져오지 못했습니다.
[2026-02-12 14:00:23] [INF] 발견된 채팅방 수: 1
[2026-02-12 14:00:25] [INF] 발견된 채팅방 수: 1
[2026-02-12 14:00:27] [INF] 발견된 채팅방 수: 1
[2026-02-12 14:00:29] [INF] 발견된 채팅방 수: 1
[2026-02-12 14:00:31] [INF] 발견된 채팅방 수: 1
[2026-02-12 14:00:33] [INF] 발견된 채팅방 수: 1
[2026-02-12 14:00:35] [INF] 발견된 채팅방 수: 1
[2026-02-12 14:00:37] [INF] 발견된 채팅방 수: 1
[2026-02-12 14:00:39] [INF] 발견된 채팅방 수: 1
[2026-02-12 14:00:41] [INF] 발견된 채팅방 수: 1
[2026-02-12 14:00:43] [INF] 발견된 채팅방 수: 2
[2026-02-12 14:00:46] [INF] 새 메시지 10개 감지됨
[2026-02-12 14:00:46] [INF] 새 메시지 수신 - 채팅방: 송의현, 보낸사람: 송의현, 내용: 학습어떻게 하실거에요?
[2026-02-12 14:00:46] [INF] 새 메시지 수신 - 채팅방: 송의현, 보낸사람: 송의현, 내용: https://youtube.com/shorts/M76...
[2026-02-12 14:00:46] [INF] 새 메시지 수신 - 채팅방: 송의현, 보낸사람: 송의현, 내용: https://youtube.com/shorts/e0Z...
[2026-02-12 14:00:46] [INF] 새 메시지 수신 - 채팅방: 송의현, 보낸사람: 송의현, 내용: 상황 이해부터 정리하겠습니다.
👉 주력은 Java, ...
[2026-02-12 14:00:46] [INF] 새 메시지 수신 - 채팅방: 송의현, 보낸사람: 송의현, 내용: 매물번호 53174487
[2026-02-12 14:00:46] [INF] 새 메시지 수신 - 채팅방: 송의현, 보낸사람: 송의현, 내용: 테스트
[2026-02-12 14:00:46] [INF] 새 메시지 수신 - 채팅방: 송의현, 보낸사람: 송의현, 내용: 수신모니터링 테스트
[2026-02-12 14:00:46] [INF] 새 메시지 수신 - 채팅방: 송의현, 보낸사람: 송의현, 내용: 안녕하세요 프로그램 테스트
[2026-02-12 14:00:46] [INF] 새 메시지 수신 - 채팅방: 송의현, 보낸사람: 송의현, 내용: 카카오톡 송수신 어플리케이션 테스트
[2026-02-12 14:00:46] [INF] 새 메시지 수신 - 채팅방: 송의현, 보낸사람: 송의현, 내용: 수신테스트
[2026-02-12 14:00:48] [INF] 발견된 채팅방 수: 2
[2026-02-12 14:00:50] [WRN] 클립보드에서 메시지를 가져오지 못했습니다.
[2026-02-12 14:00:52] [INF] 메시지 모니터링 중지
